Mon Jul  9 12:56:07 2018 [-INFO-]  Starting OWS...
Mon Jul  9 12:56:07 2018 [-INFO-]  Opening GUI...
Mon Jul  9 18:53:44 2018 [-INFO-]  Starting OWS...
Mon Jul  9 18:53:44 2018 [-INFO-]  Opening GUI...
Mon Jul  9 19:01:02 2018 [-INFO-]  Starting OWS...
Mon Jul  9 19:01:02 2018 [-INFO-]  Opening GUI...
Mon Jul  9 19:08:04 2018 [-INFO-]  Starting OWS...
Mon Jul  9 19:08:04 2018 [-INFO-]  Opening GUI...
Mon Jul  9 19:09:12 2018 [-INFO-]  Starting OWS...
Mon Jul  9 19:09:12 2018 [-INFO-]  Opening GUI...
Mon Jul  9 19:11:29 2018 [-INFO-]  Starting OWS...
Mon Jul  9 19:11:29 2018 [-INFO-]  Opening GUI...
Mon Jul  9 19:13:35 2018 [-INFO-]  Starting OWS...
Mon Jul  9 19:13:35 2018 [-INFO-]  Opening GUI...
Mon Jul  9 19:14:37 2018 [-INFO-]  Starting OWS...
Mon Jul  9 19:14:37 2018 [-INFO-]  Opening GUI...
Mon Jul  9 19:16:01 2018 [-INFO-]  Starting OWS...
Mon Jul  9 19:16:01 2018 [-INFO-]  Opening GUI...
Mon Jul  9 19:16:07 2018 [-INFO-]  Starting OWS...
Mon Jul  9 19:16:07 2018 [-INFO-]  Opening GUI...
Mon Jul  9 19:16:40 2018 [-INFO-]  Starting OWS...
Mon Jul  9 19:16:40 2018 [-INFO-]  Opening GUI...
Mon Jul  9 19:17:14 2018 [-INFO-]  Starting OWS...
Mon Jul  9 19:17:14 2018 [-INFO-]  Opening GUI...
Mon Jul  9 19:17:43 2018 [-INFO-]  Starting OWS...
Mon Jul  9 19:17:43 2018 [-INFO-]  Opening GUI...
Mon Jul  9 19:19:16 2018 [-INFO-]  Starting OWS...
Mon Jul  9 19:19:16 2018 [-INFO-]  Opening GUI...
Mon Jul  9 19:19:42 2018 [-INFO-]  Starting OWS...
Mon Jul  9 19:19:42 2018 [-INFO-]  Opening GUI...
Thu Aug  9 07:10:36 2018 [-INFO-]  Starting OWS...
Thu Aug  9 07:10:36 2018 [-INFO-]  Opening GUI...
Fri Aug 17 11:01:05 2018 [-INFO-]  Starting OWS...
Fri Aug 17 11:01:05 2018 [-INFO-]  Opening GUI...
Tue Feb 12 17:39:39 2019 [-INFO-]  Starting OWS...
Tue Feb 12 17:39:39 2019 [-INFO-]  Opening GUI...
Tue Feb 12 17:40:30 2019 [-INFO-]  Starting OWS...
Tue Feb 12 17:40:30 2019 [-INFO-]  Opening GUI...
Tue Feb 12 17:42:59 2019 [-INFO-]  Starting OWS...
Tue Feb 12 17:42:59 2019 [-INFO-]  Opening GUI...
Fri Mar 22 13:06:44 2019 [-INFO-]  Starting OWS...
Fri Mar 22 13:06:44 2019 [-INFO-]  Opening GUI...
